<?xml version="1.0" encoding="UTF-8"?>
<robot generator="Robot 6.1.1 (Python 3.11.4 on win32)" generated="20230913 11:51:24.733" rpa="false" schemaversion="4">
<suite id="s1" name="automationOperus" source="c:\Users\davy.jonker\Documents\GitHub\automationOperus\automationOperus.robot">
<test id="s1-t1" name="Account TimeSchedule Tests" line="30">
<kw name="Start Browser" library="automationOperusResources" type="SETUP">
<kw name="Open Browser" library="SeleniumLibrary">
<arg>browser=Firefox</arg>
<doc>Opens a new browser instance to the optional ``url``.</doc>
<msg timestamp="20230913 11:51:24.949" level="INFO">Opening browser 'Firefox' to base url 'None'.</msg>
<status status="PASS" starttime="20230913 11:51:24.949" endtime="20230913 11:51:30.985"/>
</kw>
<kw name="Maximize Browser Window" library="SeleniumLibrary">
<doc>Maximizes current browser window.</doc>
<status status="PASS" starttime="20230913 11:51:30.986" endtime="20230913 11:51:31.245"/>
</kw>
<status status="PASS" starttime="20230913 11:51:24.948" endtime="20230913 11:51:31.246"/>
</kw>
<kw name="Login Page Local" library="automationOperusResources">
<kw name="Go To" library="SeleniumLibrary">
<arg>url=${localURL}</arg>
<doc>Navigates the current browser window to the provided ``url``.</doc>
<msg timestamp="20230913 11:51:31.248" level="INFO">Opening url 'http://localhost:8080'</msg>
<status status="PASS" starttime="20230913 11:51:31.247" endtime="20230913 11:51:31.545"/>
</kw>
<kw name="Wait Until Element Is Visible" library="SeleniumLibrary">
<arg>locator=//input[@name='userName']</arg>
<doc>Waits until the element ``locator`` is visible.</doc>
<status status="PASS" starttime="20230913 11:51:31.547" endtime="20230913 11:51:31.575"/>
</kw>
<status status="PASS" starttime="20230913 11:51:31.246" endtime="20230913 11:51:31.576"/>
</kw>
<kw name="Account Access Page &quot;1000&quot;" library="automationOperusResources" sourcename="Account Access Page &quot;${AccountCode}&quot;">
<kw name="Get Location" library="SeleniumLibrary">
<var>${Title}</var>
<doc>Returns the current browser window URL.</doc>
<msg timestamp="20230913 11:51:31.579" level="INFO">${Title} = http://localhost:8080/app/login</msg>
<status status="PASS" starttime="20230913 11:51:31.577" endtime="20230913 11:51:31.579"/>
</kw>
<kw name="Set Variable" library="BuiltIn">
<var>${Comparation}</var>
<arg>http://localhost:8080/app/login</arg>
<doc>Returns the given values which can then be assigned to a variables.</doc>
<msg timestamp="20230913 11:51:31.580" level="INFO">${Comparation} = http://localhost:8080/app/login</msg>
<status status="PASS" starttime="20230913 11:51:31.580" endtime="20230913 11:51:31.581"/>
</kw>
<if>
<branch type="IF" condition="$Title == $Comparation">
<kw name="Correct Login Local" library="automationOperusResources">
<kw name="Reload Page" library="SeleniumLibrary">
<doc>Simulates user reloading page.</doc>
<status status="PASS" starttime="20230913 11:51:31.584" endtime="20230913 11:51:31.707"/>
</kw>
<kw name="Wait Until Element Is Visible" library="SeleniumLibrary">
<arg>locator=//input[@name='userName']</arg>
<doc>Waits until the element ``locator`` is visible.</doc>
<status status="PASS" starttime="20230913 11:51:31.708" endtime="20230913 11:51:31.729"/>
</kw>
<kw name="Input Text" library="SeleniumLibrary">
<arg>locator=//input[@name='userName']</arg>
<arg>text=${localUsername}</arg>
<doc>Types the given ``text`` into the text field identified by ``locator``.</doc>
<msg timestamp="20230913 11:51:31.730" level="INFO">Typing text 'admin' into text field '//input[@name='userName']'.</msg>
<status status="PASS" starttime="20230913 11:51:31.729" endtime="20230913 11:51:31.786"/>
</kw>
<kw name="Input Text" library="SeleniumLibrary">
<arg>locator=//input[@name='password']</arg>
<arg>text=${localPassword}</arg>
<doc>Types the given ``text`` into the text field identified by ``locator``.</doc>
<msg timestamp="20230913 11:51:31.787" level="INFO">Typing text 'seventh' into text field '//input[@name='password']'.</msg>
<status status="PASS" starttime="20230913 11:51:31.786" endtime="20230913 11:51:31.841"/>
</kw>
<kw name="Click Button" library="SeleniumLibrary">
<arg>locator=//input[@class='btn btn-default btn-login']</arg>
<doc>Clicks the button identified by ``locator``.</doc>
<msg timestamp="20230913 11:51:31.843" level="INFO">Clicking button '//input[@class='btn btn-default btn-login']'.</msg>
<status status="PASS" starttime="20230913 11:51:31.842" endtime="20230913 11:51:32.906"/>
</kw>
<kw name="Wait Until Element Is Visible" library="SeleniumLibrary">
<arg>locator=//div[@class='section-header'][contains(.,'Atendimento')]</arg>
<doc>Waits until the element ``locator`` is visible.</doc>
<status status="PASS" starttime="20230913 11:51:32.907" endtime="20230913 11:51:32.966"/>
</kw>
<status status="PASS" starttime="20230913 11:51:31.584" endtime="20230913 11:51:32.967"/>
</kw>
<kw name="Go To" library="SeleniumLibrary">
<arg>url=${localURL}/app/v2/accounts/${AccountCode}/account-access</arg>
<doc>Navigates the current browser window to the provided ``url``.</doc>
<msg timestamp="20230913 11:51:32.967" level="INFO">Opening url 'http://localhost:8080/app/v2/accounts/1000/account-access'</msg>
<status status="PASS" starttime="20230913 11:51:32.967" endtime="20230913 11:51:33.845"/>
</kw>
<status status="PASS" starttime="20230913 11:51:31.581" endtime="20230913 11:51:33.845"/>
</branch>
<branch type="ELSE">
<kw name="Go To" library="SeleniumLibrary">
<arg>url=${localURL}/app/v2/accounts/${AccountCode}/account-access</arg>
<doc>Navigates the current browser window to the provided ``url``.</doc>
<status status="NOT RUN" starttime="20230913 11:51:33.847" endtime="20230913 11:51:33.847"/>
</kw>
<status status="NOT RUN" starttime="20230913 11:51:33.846" endtime="20230913 11:51:33.847"/>
</branch>
<status status="PASS" starttime="20230913 11:51:31.581" endtime="20230913 11:51:33.847"/>
</if>
<status status="PASS" starttime="20230913 11:51:31.576" endtime="20230913 11:51:33.848"/>
</kw>
<kw name="TimeSchedule Tab" library="automationOperusResources">
<kw name="Wait Until Element Is Visible" library="SeleniumLibrary">
<arg>locator=//li[@class='tabs-grid-item tabs-number-3'][contains(.,'HORÁRIOS')]</arg>
<doc>Waits until the element ``locator`` is visible.</doc>
<status status="PASS" starttime="20230913 11:51:33.850" endtime="20230913 11:51:34.104"/>
</kw>
<kw name="Click Element" library="SeleniumLibrary">
<arg>locator=//li[@class='tabs-grid-item tabs-number-3'][contains(.,'HORÁRIOS')]</arg>
<doc>Click the element identified by ``locator``.</doc>
<msg timestamp="20230913 11:51:34.107" level="INFO">Clicking element '//li[@class='tabs-grid-item tabs-number-3'][contains(.,'HORÁRIOS')]'.</msg>
<status status="PASS" starttime="20230913 11:51:34.105" endtime="20230913 11:51:34.362"/>
</kw>
<status status="PASS" starttime="20230913 11:51:33.849" endtime="20230913 11:51:34.363"/>
</kw>
<kw name="Add TimeSchedule" library="automationOperusResources">
<kw name="Click Button" library="SeleniumLibrary">
<arg>locator=//button[@name='add'][contains(.,'Adicionar horário')]</arg>
<doc>Clicks the button identified by ``locator``.</doc>
<msg timestamp="20230913 11:51:34.366" level="INFO">Clicking button '//button[@name='add'][contains(.,'Adicionar horário')]'.</msg>
<status status="PASS" starttime="20230913 11:51:34.364" endtime="20230913 11:51:34.591"/>
</kw>
<kw name="Input Text" library="SeleniumLibrary">
<arg>locator=//input[contains(@name,'name')]</arg>
<arg>text=Tabela de testes</arg>
<doc>Types the given ``text`` into the text field identified by ``locator``.</doc>
<msg timestamp="20230913 11:51:34.592" level="INFO">Typing text 'Tabela de testes' into text field '//input[contains(@name,'name')]'.</msg>
<status status="PASS" starttime="20230913 11:51:34.592" endtime="20230913 11:51:34.637"/>
</kw>
<kw name="Input Text" library="SeleniumLibrary">
<arg>locator=//input[contains(@name,'description')]</arg>
<arg>text=Tabela para testes automatizados</arg>
<doc>Types the given ``text`` into the text field identified by ``locator``.</doc>
<msg timestamp="20230913 11:51:34.639" level="INFO">Typing text 'Tabela para testes automatizados' into text field '//input[contains(@name,'description')]'.</msg>
<status status="PASS" starttime="20230913 11:51:34.638" endtime="20230913 11:51:34.695"/>
</kw>
<kw name="Click Element" library="SeleniumLibrary">
<arg>locator=//input[contains(@ng-model,'selectedDays.mondaySchedules')]</arg>
<doc>Click the element identified by ``locator``.</doc>
<msg timestamp="20230913 11:51:34.696" level="INFO">Clicking element '//input[contains(@ng-model,'selectedDays.mondaySchedules')]'.</msg>
<status status="PASS" starttime="20230913 11:51:34.695" endtime="20230913 11:51:34.939"/>
</kw>
<kw name="Click Element" library="SeleniumLibrary">
<arg>locator=//input[contains(@ng-model,'fromTime')]</arg>
<doc>Click the element identified by ``locator``.</doc>
<msg timestamp="20230913 11:51:34.942" level="INFO">Clicking element '//input[contains(@ng-model,'fromTime')]'.</msg>
<status status="PASS" starttime="20230913 11:51:34.940" endtime="20230913 11:51:35.185"/>
</kw>
<kw name="Press Keys" library="SeleniumLibrary">
<arg>none</arg>
<arg>1200</arg>
<doc>Simulates the user pressing key(s) to an element or on the active browser.</doc>
<msg timestamp="20230913 11:51:35.188" level="INFO">Sending key(s) ('1200',) to page.</msg>
<msg timestamp="20230913 11:51:35.189" level="INFO">Sending keys 1200</msg>
<status status="PASS" starttime="20230913 11:51:35.185" endtime="20230913 11:51:35.260"/>
</kw>
<kw name="Click Element" library="SeleniumLibrary">
<arg>locator=//input[contains(@ng-model,'toTime')]</arg>
<doc>Click the element identified by ``locator``.</doc>
<msg timestamp="20230913 11:51:35.261" level="INFO">Clicking element '//input[contains(@ng-model,'toTime')]'.</msg>
<status status="PASS" starttime="20230913 11:51:35.260" endtime="20230913 11:51:35.482"/>
</kw>
<kw name="Press Keys" library="SeleniumLibrary">
<arg>none</arg>
<arg>1300</arg>
<doc>Simulates the user pressing key(s) to an element or on the active browser.</doc>
<msg timestamp="20230913 11:51:35.483" level="INFO">Sending key(s) ('1300',) to page.</msg>
<msg timestamp="20230913 11:51:35.484" level="INFO">Sending keys 1300</msg>
<status status="PASS" starttime="20230913 11:51:35.483" endtime="20230913 11:51:35.500"/>
</kw>
<kw name="Click Button" library="SeleniumLibrary">
<arg>locator=//button[@type='button'][contains(.,'Incluir')]</arg>
<doc>Clicks the button identified by ``locator``.</doc>
<msg timestamp="20230913 11:51:35.501" level="INFO">Clicking button '//button[@type='button'][contains(.,'Incluir')]'.</msg>
<status status="PASS" starttime="20230913 11:51:35.500" endtime="20230913 11:51:35.725"/>
</kw>
<kw name="Click Element" library="SeleniumLibrary">
<arg>locator=//input[contains(@ng-model,'selectedDays.holiday1Schedules')]</arg>
<doc>Click the element identified by ``locator``.</doc>
<msg timestamp="20230913 11:51:35.726" level="INFO">Clicking element '//input[contains(@ng-model,'selectedDays.holiday1Schedules')]'.</msg>
<status status="PASS" starttime="20230913 11:51:35.725" endtime="20230913 11:51:35.944"/>
</kw>
<kw name="Click Element" library="SeleniumLibrary">
<arg>locator=//input[contains(@ng-model,'fromTime')]</arg>
<doc>Click the element identified by ``locator``.</doc>
<msg timestamp="20230913 11:51:35.945" level="INFO">Clicking element '//input[contains(@ng-model,'fromTime')]'.</msg>
<status status="PASS" starttime="20230913 11:51:35.945" endtime="20230913 11:51:36.157"/>
</kw>
<kw name="Press Keys" library="SeleniumLibrary">
<arg>none</arg>
<arg>1300</arg>
<doc>Simulates the user pressing key(s) to an element or on the active browser.</doc>
<msg timestamp="20230913 11:51:36.157" level="INFO">Sending key(s) ('1300',) to page.</msg>
<msg timestamp="20230913 11:51:36.158" level="INFO">Sending keys 1300</msg>
<status status="PASS" starttime="20230913 11:51:36.157" endtime="20230913 11:51:36.173"/>
</kw>
<kw name="Click Element" library="SeleniumLibrary">
<arg>locator=//input[contains(@ng-model,'toTime')]</arg>
<doc>Click the element identified by ``locator``.</doc>
<msg timestamp="20230913 11:51:36.173" level="INFO">Clicking element '//input[contains(@ng-model,'toTime')]'.</msg>
<status status="PASS" starttime="20230913 11:51:36.173" endtime="20230913 11:51:36.389"/>
</kw>
<kw name="Press Keys" library="SeleniumLibrary">
<arg>none</arg>
<arg>1500</arg>
<doc>Simulates the user pressing key(s) to an element or on the active browser.</doc>
<msg timestamp="20230913 11:51:36.390" level="INFO">Sending key(s) ('1500',) to page.</msg>
<msg timestamp="20230913 11:51:36.390" level="INFO">Sending keys 1500</msg>
<status status="PASS" starttime="20230913 11:51:36.389" endtime="20230913 11:51:36.403"/>
</kw>
<kw name="Click Button" library="SeleniumLibrary">
<arg>locator=//button[@type='button'][contains(.,'Incluir')]</arg>
<doc>Clicks the button identified by ``locator``.</doc>
<msg timestamp="20230913 11:51:36.405" level="INFO">Clicking button '//button[@type='button'][contains(.,'Incluir')]'.</msg>
<status status="PASS" starttime="20230913 11:51:36.403" endtime="20230913 11:51:36.629"/>
</kw>
<kw name="Element Should Be Visible" library="SeleniumLibrary">
<arg>locator=//div[@class='custom-td-alignment ng-binding'][contains(.,'Segunda-feira')]</arg>
<doc>Verifies that the element identified by ``locator`` is visible.</doc>
<msg timestamp="20230913 11:51:36.642" level="INFO">Element '//div[@class='custom-td-alignment ng-binding'][contains(.,'Segunda-feira')]' is displayed.</msg>
<status status="PASS" starttime="20230913 11:51:36.629" endtime="20230913 11:51:36.642"/>
</kw>
<kw name="Element Should Be Visible" library="SeleniumLibrary">
<arg>locator=//div[@class='custom-td-alignment ng-binding'][contains(.,'Feriado 1')]</arg>
<doc>Verifies that the element identified by ``locator`` is visible.</doc>
<msg timestamp="20230913 11:51:36.659" level="INFO">Element '//div[@class='custom-td-alignment ng-binding'][contains(.,'Feriado 1')]' is displayed.</msg>
<status status="PASS" starttime="20230913 11:51:36.642" endtime="20230913 11:51:36.659"/>
</kw>
<kw name="Element Should Be Visible" library="SeleniumLibrary">
<arg>locator=//span[@class='label label-lg label-primary mx-1 ng-binding ng-scope'][contains(.,'12:00 às 13:00')]</arg>
<doc>Verifies that the element identified by ``locator`` is visible.</doc>
<msg timestamp="20230913 11:51:36.675" level="INFO">Element '//span[@class='label label-lg label-primary mx-1 ng-binding ng-scope'][contains(.,'12:00 às 13:00')]' is displayed.</msg>
<status status="PASS" starttime="20230913 11:51:36.660" endtime="20230913 11:51:36.676"/>
</kw>
<kw name="Element Should Be Visible" library="SeleniumLibrary">
<arg>locator=//span[@class='label label-lg label-primary mx-1 ng-binding ng-scope'][contains(.,'13:00 às 15:00')]</arg>
<doc>Verifies that the element identified by ``locator`` is visible.</doc>
<msg timestamp="20230913 11:51:36.689" level="INFO">Element '//span[@class='label label-lg label-primary mx-1 ng-binding ng-scope'][contains(.,'13:00 às 15:00')]' is displayed.</msg>
<status status="PASS" starttime="20230913 11:51:36.676" endtime="20230913 11:51:36.689"/>
</kw>
<kw name="Click Button" library="SeleniumLibrary">
<arg>locator=//button[@class='btn btn-primary btn-save'][contains(.,'Salvar')]</arg>
<doc>Clicks the button identified by ``locator``.</doc>
<msg timestamp="20230913 11:51:36.690" level="INFO">Clicking button '//button[@class='btn btn-primary btn-save'][contains(.,'Salvar')]'.</msg>
<status status="PASS" starttime="20230913 11:51:36.690" endtime="20230913 11:51:36.918"/>
</kw>
<kw name="Element Should Be Visible" library="SeleniumLibrary">
<arg>locator=//td[@class='ng-binding'][contains(.,'Tabela de testes')]</arg>
<doc>Verifies that the element identified by ``locator`` is visible.</doc>
<msg timestamp="20230913 11:51:36.935" level="INFO">Element '//td[@class='ng-binding'][contains(.,'Tabela de testes')]' is displayed.</msg>
<status status="PASS" starttime="20230913 11:51:36.918" endtime="20230913 11:51:36.935"/>
</kw>
<status status="PASS" starttime="20230913 11:51:34.364" endtime="20230913 11:51:36.936"/>
</kw>
<kw name="Stop Browser" library="automationOperusResources" type="TEARDOWN">
<kw name="Capture Page Screenshot" library="SeleniumLibrary">
<doc>Takes a screenshot of the current page and embeds it into a log file.</doc>
<msg timestamp="20230913 11:51:37.000" level="INFO" html="true">&lt;/td&gt;&lt;/tr&gt;&lt;tr&gt;&lt;td colspan="3"&gt;&lt;a href="selenium-screenshot-1.png"&gt;&lt;img src="selenium-screenshot-1.png" width="800px"&gt;&lt;/a&gt;</msg>
<status status="PASS" starttime="20230913 11:51:36.938" endtime="20230913 11:51:37.000"/>
</kw>
<kw name="Close Browser" library="SeleniumLibrary">
<doc>Closes the current browser.</doc>
<status status="PASS" starttime="20230913 11:51:37.000" endtime="20230913 11:51:39.942"/>
</kw>
<status status="PASS" starttime="20230913 11:51:36.937" endtime="20230913 11:51:39.942"/>
</kw>
<doc>Este teste verifica a função de adicionar/editar/remover tabelas de horário
de acesso da conta</doc>
<tag>timetable</tag>
<status status="PASS" starttime="20230913 11:51:24.948" endtime="20230913 11:51:39.942"/>
</test>
<doc>Essa suite testa o Operus</doc>
<status status="PASS" starttime="20230913 11:51:24.739" endtime="20230913 11:51:39.945"/>
</suite>
<statistics>
<total>
<stat pass="1" fail="0" skip="0">All Tests</stat>
</total>
<tag>
<stat pass="1" fail="0" skip="0">timetable</stat>
</tag>
<suite>
<stat pass="1" fail="0" skip="0" id="s1" name="automationOperus">automationOperus</stat>
</suite>
</statistics>
<errors>
</errors>
</robot>
