<?xml version="1.0" encoding="UTF-8"?>
<robot generator="Robot 6.1.1 (Python 3.11.4 on win32)" generated="20230831 14:28:51.685" rpa="false" schemaversion="4">
<suite id="s1" name="automationOperus" source="C:\Users\davy.jonker\Documents\Dev\automationOperus\automationOperus\automationOperus.robot">
<test id="s1-t1" name="Licence Tests" line="23">
<kw name="Start Browser" library="automationOperusResources" type="SETUP">
<kw name="Open Browser" library="SeleniumLibrary">
<arg>browser=Firefox</arg>
<doc>Opens a new browser instance to the optional ``url``.</doc>
<msg timestamp="20230831 14:28:51.862" level="INFO">Opening browser 'Firefox' to base url 'None'.</msg>
<status status="PASS" starttime="20230831 14:28:51.862" endtime="20230831 14:29:08.780"/>
</kw>
<kw name="Maximize Browser Window" library="SeleniumLibrary">
<doc>Maximizes current browser window.</doc>
<status status="PASS" starttime="20230831 14:29:08.780" endtime="20230831 14:29:09.051"/>
</kw>
<status status="PASS" starttime="20230831 14:28:51.862" endtime="20230831 14:29:09.051"/>
</kw>
<kw name="Licence Page" library="automationOperusResources">
<kw name="Login Page Local" library="automationOperusResources">
<kw name="Go To" library="SeleniumLibrary">
<arg>url=${localURL}</arg>
<doc>Navigates the current browser window to the provided ``url``.</doc>
<msg timestamp="20230831 14:29:09.052" level="INFO">Opening url 'http://localhost:8080'</msg>
<status status="PASS" starttime="20230831 14:29:09.052" endtime="20230831 14:29:09.266"/>
</kw>
<kw name="Wait Until Element Is Visible" library="SeleniumLibrary">
<arg>locator=//input[@name='userName']</arg>
<doc>Waits until the element ``locator`` is visible.</doc>
<status status="PASS" starttime="20230831 14:29:09.266" endtime="20230831 14:29:09.298"/>
</kw>
<status status="PASS" starttime="20230831 14:29:09.052" endtime="20230831 14:29:09.298"/>
</kw>
<kw name="Correct Login Local" library="automationOperusResources">
<kw name="Reload Page" library="SeleniumLibrary">
<doc>Simulates user reloading page.</doc>
<status status="PASS" starttime="20230831 14:29:09.299" endtime="20230831 14:29:09.417"/>
</kw>
<kw name="Wait Until Element Is Visible" library="SeleniumLibrary">
<arg>locator=//input[@name='userName']</arg>
<doc>Waits until the element ``locator`` is visible.</doc>
<status status="PASS" starttime="20230831 14:29:09.417" endtime="20230831 14:29:09.440"/>
</kw>
<kw name="Input Text" library="SeleniumLibrary">
<arg>locator=//input[@name='userName']</arg>
<arg>text=${localUsername}</arg>
<doc>Types the given ``text`` into the text field identified by ``locator``.</doc>
<msg timestamp="20230831 14:29:09.441" level="INFO">Typing text 'admin' into text field '//input[@name='userName']'.</msg>
<status status="PASS" starttime="20230831 14:29:09.440" endtime="20230831 14:29:09.482"/>
</kw>
<kw name="Input Text" library="SeleniumLibrary">
<arg>locator=//input[@name='password']</arg>
<arg>text=${localPassword}</arg>
<doc>Types the given ``text`` into the text field identified by ``locator``.</doc>
<msg timestamp="20230831 14:29:09.483" level="INFO">Typing text 'seventh' into text field '//input[@name='password']'.</msg>
<status status="PASS" starttime="20230831 14:29:09.482" endtime="20230831 14:29:09.508"/>
</kw>
<kw name="Click Button" library="SeleniumLibrary">
<arg>locator=//input[@class='btn btn-default btn-login']</arg>
<doc>Clicks the button identified by ``locator``.</doc>
<msg timestamp="20230831 14:29:09.508" level="INFO">Clicking button '//input[@class='btn btn-default btn-login']'.</msg>
<status status="PASS" starttime="20230831 14:29:09.508" endtime="20230831 14:29:10.177"/>
</kw>
<status status="PASS" starttime="20230831 14:29:09.298" endtime="20230831 14:29:10.177"/>
</kw>
<kw name="Wait Until Element Is Visible" library="SeleniumLibrary">
<arg>locator=//a[contains(.,'Licenças')]</arg>
<doc>Waits until the element ``locator`` is visible.</doc>
<status status="PASS" starttime="20230831 14:29:10.178" endtime="20230831 14:29:10.196"/>
</kw>
<kw name="Click Element" library="SeleniumLibrary">
<arg>locator=//a[contains(.,'Licenças')]</arg>
<doc>Click the element identified by ``locator``.</doc>
<msg timestamp="20230831 14:29:10.196" level="INFO">Clicking element '//a[contains(.,'Licenças')]'.</msg>
<status status="PASS" starttime="20230831 14:29:10.196" endtime="20230831 14:29:10.454"/>
</kw>
<kw name="Wait Until Element Is Visible" library="SeleniumLibrary">
<arg>locator=//a[contains(.,'Licenças')]</arg>
<doc>Waits until the element ``locator`` is visible.</doc>
<status status="PASS" starttime="20230831 14:29:10.454" endtime="20230831 14:29:10.465"/>
</kw>
<kw name="Element Should Be Visible" library="SeleniumLibrary">
<arg>locator=//span[@class='text-bold ng-binding'][contains(.,'${localIdentifier}')]</arg>
<doc>Verifies that the element identified by ``locator`` is visible.</doc>
<msg timestamp="20230831 14:29:10.476" level="INFO">Element '//span[@class='text-bold ng-binding'][contains(.,'Z3WW-PGGB-7QWW-EC3C')]' is displayed.</msg>
<status status="PASS" starttime="20230831 14:29:10.465" endtime="20230831 14:29:10.476"/>
</kw>
<status status="PASS" starttime="20230831 14:29:09.052" endtime="20230831 14:29:10.476"/>
</kw>
<kw name="Licence Manipulation" library="automationOperusResources">
<kw name="Element Should Be Visible" library="SeleniumLibrary">
<arg>locator=//span[@ng-show='licenses == null'][contains(.,'Nenhum registro encontrado')]</arg>
<doc>Verifies that the element identified by ``locator`` is visible.</doc>
<msg timestamp="20230831 14:29:10.487" level="INFO">Element '//span[@ng-show='licenses == null'][contains(.,'Nenhum registro encontrado')]' is displayed.</msg>
<status status="PASS" starttime="20230831 14:29:10.476" endtime="20230831 14:29:10.487"/>
</kw>
<kw name="Click Button" library="SeleniumLibrary">
<arg>locator=//button[@name='add'][contains(.,'Adicionar licença')]</arg>
<doc>Clicks the button identified by ``locator``.</doc>
<msg timestamp="20230831 14:29:10.487" level="INFO">Clicking button '//button[@name='add'][contains(.,'Adicionar licença')]'.</msg>
<status status="PASS" starttime="20230831 14:29:10.487" endtime="20230831 14:29:10.704"/>
</kw>
<kw name="Wait Until Element Is Visible" library="SeleniumLibrary">
<arg>locator=//label[@class='control-label'][contains(.,'Licença')]</arg>
<doc>Waits until the element ``locator`` is visible.</doc>
<status status="PASS" starttime="20230831 14:29:10.704" endtime="20230831 14:29:10.714"/>
</kw>
<kw name="Input Text" library="SeleniumLibrary">
<arg>locator=//input[contains(@ng-model,'license.serial')]</arg>
<arg>text=${incorrectStandardLicence}</arg>
<doc>Types the given ``text`` into the text field identified by ``locator``.</doc>
<msg timestamp="20230831 14:29:10.714" level="INFO">Typing text 'MXGDJZENU6YZOLM3OQOTUGVT' into text field '//input[contains(@ng-model,'license.serial')]'.</msg>
<status status="PASS" starttime="20230831 14:29:10.714" endtime="20230831 14:29:10.745"/>
</kw>
<kw name="Click Button" library="SeleniumLibrary">
<arg>locator=//button[@class='btn btn-primary btn-save btn-new-license'][contains(.,'Adicionar')]</arg>
<doc>Clicks the button identified by ``locator``.</doc>
<msg timestamp="20230831 14:29:10.746" level="INFO">Clicking button '//button[@class='btn btn-primary btn-save btn-new-license'][contains(.,'Adicionar')]'.</msg>
<status status="PASS" starttime="20230831 14:29:10.745" endtime="20230831 14:29:10.965"/>
</kw>
<kw name="Wait Until Element Is Visible" library="SeleniumLibrary">
<arg>locator=//div[@class='growl-message ng-binding'][contains(.,'A licença foi gerada para uma máquina diferente.')]</arg>
<doc>Waits until the element ``locator`` is visible.</doc>
<status status="PASS" starttime="20230831 14:29:10.965" endtime="20230831 14:29:10.981"/>
</kw>
<kw name="Input Text" library="SeleniumLibrary">
<arg>locator=//input[contains(@ng-model,'license.serial')]</arg>
<arg>text=${standardLicenceDemonstration}</arg>
<arg>clear=${True}</arg>
<doc>Types the given ``text`` into the text field identified by ``locator``.</doc>
<msg timestamp="20230831 14:29:10.982" level="INFO">Typing text 'GFX2UUKXLSSYHC3WW4IVASFQ' into text field '//input[contains(@ng-model,'license.serial')]'.</msg>
<status status="PASS" starttime="20230831 14:29:10.981" endtime="20230831 14:29:11.012"/>
</kw>
<kw name="Click Button" library="SeleniumLibrary">
<arg>locator=//button[@class='btn btn-primary btn-save btn-new-license'][contains(.,'Adicionar')]</arg>
<doc>Clicks the button identified by ``locator``.</doc>
<msg timestamp="20230831 14:29:11.013" level="INFO">Clicking button '//button[@class='btn btn-primary btn-save btn-new-license'][contains(.,'Adicionar')]'.</msg>
<status status="PASS" starttime="20230831 14:29:11.012" endtime="20230831 14:29:11.232"/>
</kw>
<kw name="Wait Until Element Is Visible" library="SeleniumLibrary">
<arg>locator=//td[@class='ng-binding'][contains(.,'STPSTD-ENT')]</arg>
<arg>timeout=30</arg>
<doc>Waits until the element ``locator`` is visible.</doc>
<status status="PASS" starttime="20230831 14:29:11.232" endtime="20230831 14:29:11.654"/>
</kw>
<kw name="Click Button" library="SeleniumLibrary">
<arg>locator=//button[@name='add'][contains(.,'Adicionar licença')]</arg>
<doc>Clicks the button identified by ``locator``.</doc>
<msg timestamp="20230831 14:29:11.656" level="INFO">Clicking button '//button[@name='add'][contains(.,'Adicionar licença')]'.</msg>
<status status="PASS" starttime="20230831 14:29:11.654" endtime="20230831 14:29:11.883"/>
</kw>
<kw name="Wait Until Element Is Visible" library="SeleniumLibrary">
<arg>locator=//label[@class='control-label'][contains(.,'Licença')]</arg>
<doc>Waits until the element ``locator`` is visible.</doc>
<status status="PASS" starttime="20230831 14:29:11.884" endtime="20230831 14:29:11.895"/>
</kw>
<kw name="Input Text" library="SeleniumLibrary">
<arg>locator=//input[contains(@ng-model,'license.serial')]</arg>
<arg>text=${standardLicence}</arg>
<doc>Types the given ``text`` into the text field identified by ``locator``.</doc>
<msg timestamp="20230831 14:29:11.896" level="INFO">Typing text 'TLWHQKHTV5GSMW4R4R67OJQX' into text field '//input[contains(@ng-model,'license.serial')]'.</msg>
<status status="PASS" starttime="20230831 14:29:11.895" endtime="20230831 14:29:11.925"/>
</kw>
<kw name="Click Button" library="SeleniumLibrary">
<arg>locator=//button[@class='btn btn-primary btn-save btn-new-license'][contains(.,'Adicionar')]</arg>
<doc>Clicks the button identified by ``locator``.</doc>
<msg timestamp="20230831 14:29:11.925" level="INFO">Clicking button '//button[@class='btn btn-primary btn-save btn-new-license'][contains(.,'Adicionar')]'.</msg>
<status status="PASS" starttime="20230831 14:29:11.925" endtime="20230831 14:29:12.141"/>
</kw>
<kw name="Wait Until Element Is Visible" library="SeleniumLibrary">
<arg>locator=//code[@class='ng-binding'][contains(.,'TLWHQK-HTV5GS-MW4R4R-67OJQX')]</arg>
<doc>Waits until the element ``locator`` is visible.</doc>
<status status="PASS" starttime="20230831 14:29:12.141" endtime="20230831 14:29:12.562"/>
</kw>
<status status="PASS" starttime="20230831 14:29:10.476" endtime="20230831 14:29:12.562"/>
</kw>
<kw name="Stop Browser" library="automationOperusResources" type="TEARDOWN">
<kw name="Capture Page Screenshot" library="SeleniumLibrary">
<doc>Takes a screenshot of the current page and embeds it into a log file.</doc>
<msg timestamp="20230831 14:29:12.631" level="INFO" html="true">&lt;/td&gt;&lt;/tr&gt;&lt;tr&gt;&lt;td colspan="3"&gt;&lt;a href="selenium-screenshot-9.png"&gt;&lt;img src="selenium-screenshot-9.png" width="800px"&gt;&lt;/a&gt;</msg>
<status status="PASS" starttime="20230831 14:29:12.563" endtime="20230831 14:29:12.631"/>
</kw>
<kw name="Close Browser" library="SeleniumLibrary">
<doc>Closes the current browser.</doc>
<status status="PASS" starttime="20230831 14:29:12.632" endtime="20230831 14:29:17.510"/>
</kw>
<status status="PASS" starttime="20230831 14:29:12.563" endtime="20230831 14:29:17.510"/>
</kw>
<doc>Esse teste verifica o licenciamento do sistema</doc>
<tag>licence</tag>
<status status="PASS" starttime="20230831 14:28:51.862" endtime="20230831 14:29:17.510"/>
</test>
<doc>Essa suite testa o Operus</doc>
<status status="PASS" starttime="20230831 14:28:51.686" endtime="20230831 14:29:17.510"/>
</suite>
<statistics>
<total>
<stat pass="1" fail="0" skip="0">All Tests</stat>
</total>
<tag>
<stat pass="1" fail="0" skip="0">licence</stat>
</tag>
<suite>
<stat pass="1" fail="0" skip="0" id="s1" name="automationOperus">automationOperus</stat>
</suite>
</statistics>
<errors>
</errors>
</robot>
